Sun Jan 15 2017 11:17:30 GMT+1000 (AEST): GET /
Sun Jan 15 2017 11:17:38 GMT+1000 (AEST): GET /
Sun Jan 15 2017 11:18:11 GMT+1000 (AEST): GET /about
Sun Jan 15 2017 11:18:14 GMT+1000 (AEST): GET /
Sun Jan 15 2017 11:29:56 GMT+1000 (AEST): GET /
Sun Jan 15 2017 11:30:07 GMT+1000 (AEST): GET /home
Sun Jan 15 2017 11:32:12 GMT+1000 (AEST): GET /help
Sun Jan 15 2017 11:33:42 GMT+1000 (AEST): GET /help.html
Sun Jan 15 2017 11:34:29 GMT+1000 (AEST): GET /help.html
Sun Jan 15 2017 11:34:34 GMT+1000 (AEST): GET /
Sun Jan 15 2017 11:34:37 GMT+1000 (AEST): GET /
Sun Jan 15 2017 11:34:39 GMT+1000 (AEST): GET /about
Sun Jan 15 2017 11:34:46 GMT+1000 (AEST): GET /help.html
Mon Jan 16 2017 10:20:39 GMT+1000 (AEST): GET /
Mon Jan 16 2017 10:20:39 GMT+1000 (AEST): GET /favicon.ico
Mon Jan 16 2017 10:20:41 GMT+1000 (AEST): GET /
Mon Jan 16 2017 10:20:41 GMT+1000 (AEST): GET /about
Mon Jan 16 2017 10:47:23 GMT+1000 (AEST): GET /
Mon Jan 16 2017 10:47:25 GMT+1000 (AEST): GET /projects
Mon Jan 16 2017 11:06:53 GMT+1000 (AEST): GET /
Mon Jan 16 2017 11:06:56 GMT+1000 (AEST): GET /
Mon Jan 16 2017 11:06:57 GMT+1000 (AEST): GET /about
Mon Jan 16 2017 11:06:58 GMT+1000 (AEST): GET /projects
Mon Jan 16 2017 11:07:00 GMT+1000 (AEST): GET /projects
Mon Jan 16 2017 11:08:33 GMT+1000 (AEST): GET /about
Mon Jan 16 2017 11:08:38 GMT+1000 (AEST): GET /about
Mon Jan 16 2017 11:08:39 GMT+1000 (AEST): GET /
Mon Jan 16 2017 11:08:40 GMT+1000 (AEST): GET /projects
Mon Jan 16 2017 11:13:12 GMT+1000 (AEST): GET /
Mon Jan 16 2017 11:13:15 GMT+1000 (AEST): GET /projects
Mon Jan 16 2017 11:13:17 GMT+1000 (AEST): GET /about
Mon Jan 16 2017 11:13:19 GMT+1000 (AEST): GET /
Mon Jan 16 2017 11:13:22 GMT+1000 (AEST): GET /projects
Mon Jan 16 2017 11:16:26 GMT+1000 (AEST): GET /projects
Mon Jan 16 2017 11:18:36 GMT+1000 (AEST): GET /projects
Mon Jan 16 2017 11:18:50 GMT+1000 (AEST): GET /projects
Mon Jan 16 2017 11:18:54 GMT+1000 (AEST): GET /about
Mon Jan 16 2017 11:18:55 GMT+1000 (AEST): GET /
Mon Jan 16 2017 11:18:57 GMT+1000 (AEST): GET /projects
Mon Jan 16 2017 11:19:05 GMT+1000 (AEST): GET /projects.html
Mon Jan 16 2017 11:22:15 GMT+1000 (AEST): GET /
Mon Jan 16 2017 11:22:19 GMT+1000 (AEST): GET /
Mon Jan 16 2017 11:22:20 GMT+1000 (AEST): GET /projects
Mon Jan 16 2017 11:22:53 GMT+1000 (AEST): GET /
Mon Jan 16 2017 11:22:54 GMT+1000 (AEST): GET /
Mon Jan 16 2017 11:22:55 GMT+1000 (AEST): GET /about
Mon Jan 16 2017 11:22:56 GMT+1000 (AEST): GET /projects
Mon Jan 16 2017 11:24:42 GMT+1000 (AEST): GET /projects
Mon Jan 16 2017 11:24:44 GMT+1000 (AEST): GET /about
Mon Jan 16 2017 11:24:45 GMT+1000 (AEST): GET /
Mon Jan 16 2017 11:24:46 GMT+1000 (AEST): GET /projects
Mon Jan 16 2017 11:24:50 GMT+1000 (AEST): GET /about
Mon Jan 16 2017 11:24:51 GMT+1000 (AEST): GET /
Mon Jan 16 2017 11:24:52 GMT+1000 (AEST): GET /projects
